\BOOKMARK [1][-]{section.1}{\376\377\000P\000a\000r\000t\000y}{}% 1
\BOOKMARK [2][-]{subsection.1.1}{\376\377\000A\000l\000a\000r\000i\000c\000\040\000S\000t\000o\000r\000m\000b\000o\000r\000n}{section.1}% 2
\BOOKMARK [2][-]{subsection.1.2}{\376\377\000N\000a\000s\000s\000a\000l\000y\000a\000\040\000C\000a\000e\000l\000i}{section.1}% 3
\BOOKMARK [2][-]{subsection.1.3}{\376\377\003\233\003\243\003\230\003\240\000\040\000\050\000A\000e\000o\000n\000\040\000S\000a\000h\000d\000\051}{section.1}% 4
\BOOKMARK [2][-]{subsection.1.4}{\376\377\000L\000e\000a\000n\000d\000e\000r\000\040\000P\000e\000m\000b\000r\000o\000o\000k\000e}{section.1}% 5
\BOOKMARK [2][-]{subsection.1.5}{\376\377\000K\000o\000s\000h\000a\000n\000n\000\040\000D\000r\000e\000m\000r\000e\000d\000o\000l}{section.1}% 6
\BOOKMARK [1][-]{section.2}{\376\377\000L\000o\000c\000a\000t\000i\000o\000n\000s}{}% 7
\BOOKMARK [2][-]{subsection.2.1}{\376\377\000B\000a\000u\000l\000d\000e\000r\000'\000s\000\040\000W\000a\000l\000l}{section.2}% 8
\BOOKMARK [3][-]{subsubsection.2.1.1}{\376\377\000S\000t\000r\000u\000m\000m\000i\000n\000g\000\040\000S\000a\000l\000m\000o\000n\000\040\000I\000n\000n}{subsection.2.1}% 9
\BOOKMARK [3][-]{subsubsection.2.1.2}{\376\377\000B\000a\000k\000e\000r\000y}{subsection.2.1}% 10
\BOOKMARK [3][-]{subsubsection.2.1.3}{\376\377\000\040\000E\000r\000s\000y\000l\000'\000s\000'\000\040\000m\000u\000s\000e\000u\000m}{subsection.2.1}% 11
\BOOKMARK [2][-]{subsection.2.2}{\376\377\000T\000h\000e\000\040\000D\000e\000p\000t\000h\000s}{section.2}% 12
\BOOKMARK [2][-]{subsection.2.3}{\376\377\000S\000e\000a\000\040\000G\000h\000a\000u\000l\000\040\000I\000s\000l\000a\000n\000d}{section.2}% 13
\BOOKMARK [3][-]{subsubsection.2.3.1}{\376\377\000P\000u\000b\000\040\000N\000y\000m\000p\000h\000s}{subsection.2.3}% 14
\BOOKMARK [1][-]{section.3}{\376\377\000E\000v\000e\000n\000t\000s}{}% 15
\BOOKMARK [2][-]{subsection.3.1}{\376\377\000I\000n\000v\000i\000t\000a\000t\000i\000o\000n\000\040\000f\000l\000y\000e\000r\000s}{section.3}% 16
\BOOKMARK [2][-]{subsection.3.2}{\376\377\000T\000h\000e\000\040\000C\000a\000t\000a\000c\000l\000i\000s\000m}{section.3}% 17
\BOOKMARK [2][-]{subsection.3.3}{\376\377\000G\000h\000o\000s\000t\000\040\000S\000t\000o\000r\000y}{section.3}% 18
\BOOKMARK [1][-]{section.4}{\376\377\000O\000b\000j\000e\000c\000t\000s}{}% 19
\BOOKMARK [2][-]{subsection.4.1}{\376\377\000G\000u\000l\000l\000s\000i\000n\000g\000e\000r}{section.4}% 20
\BOOKMARK [1][-]{section.5}{\376\377\000O\000r\000g\000a\000n\000i\000s\000a\000t\000i\000o\000n\000s}{}% 21
\BOOKMARK [2][-]{subsection.5.1}{\376\377\000P\000i\000r\000a\000t\000e\000s\000\040\000o\000f\000\040\000t\000h\000e\000\040\000G\000u\000l\000l\000s\000i\000n\000g\000e\000r}{section.5}% 22
\BOOKMARK [1][-]{section.6}{\376\377\000N\000P\000C\000'\000s}{}% 23
\BOOKMARK [2][-]{subsection.6.1}{\376\377\000E\000r\000s\000y\000l\000\040\000U\000r\000s\000y\000l\000a\000\040\000S\000y\000l\000a\000s}{section.6}% 24
\BOOKMARK [2][-]{subsection.6.2}{\376\377\000C\000e\000t\000u\000s}{section.6}% 25
\BOOKMARK [2][-]{subsection.6.3}{\376\377\000A\000l\000g\000a\000r\000\040\000D\000o\000r\000m\000u\000n\000d}{section.6}% 26
\BOOKMARK [2][-]{subsection.6.4}{\376\377\000M\000a\000r\000g\000a\000\040\000D\000o\000r\000m\000u\000n\000d}{section.6}% 27
\BOOKMARK [2][-]{subsection.6.5}{\376\377\000S\000t\000y\000g\000\040\000K\000a\000s\000t\000i}{section.6}% 28
\BOOKMARK [2][-]{subsection.6.6}{\376\377\000K\000a\000l\000m\000a}{section.6}% 29
\BOOKMARK [2][-]{subsection.6.7}{\376\377\000M\000u\000n\000d\000a}{section.6}% 30
\BOOKMARK [2][-]{subsection.6.8}{\376\377\000C\000o\000r\000v\000i}{section.6}% 31
\BOOKMARK [2][-]{subsection.6.9}{\376\377\000D\000o\000l\000l\000\040\000\046\000\040\000S\000h\000e\000a}{section.6}% 32
\BOOKMARK [2][-]{subsection.6.10}{\376\377\000G\000o\000h\000l}{section.6}% 33
\BOOKMARK [2][-]{subsection.6.11}{\376\377\000M\000o\000r\000g\000u}{section.6}% 34
\BOOKMARK [2][-]{subsection.6.12}{\376\377\000S\000a\000l\000t\000a\000t\000a}{section.6}% 35
\BOOKMARK [2][-]{subsection.6.13}{\376\377\000G\000a\000r\000m}{section.6}% 36
\BOOKMARK [2][-]{subsection.6.14}{\376\377\000O\000l\000l\000e\000c}{section.6}% 37
\BOOKMARK [2][-]{subsection.6.15}{\376\377\000C\000l\000a\000r\000i\000e}{section.6}% 38
\BOOKMARK [2][-]{subsection.6.16}{\376\377\000P\000a\000r\000h\000y}{section.6}% 39
\BOOKMARK [2][-]{subsection.6.17}{\376\377\000R\000e\000e\000d}{section.6}% 40
\BOOKMARK [2][-]{subsection.6.18}{\376\377\000M\000i\000l\000i\000l}{section.6}% 41
\BOOKMARK [2][-]{subsection.6.19}{\376\377\000N\000o\000t\000e}{section.6}% 42
\BOOKMARK [2][-]{subsection.6.20}{\376\377\000G\000a\000r\000t\000h\000\040\000\046\000\040\000T\000r\000e\000a}{section.6}% 43
